#1 [internal] load build definition from Dockerfile
#1 sha256:a9dd4c437b66952c83541488e7221e5e15b2f5df97da73dbc1a3aa30206bbe77
#1 transferring dockerfile: 1.18kB 0.0s done
#1 DONE 0.1s

#2 [internal] load .dockerignore
#2 sha256:874de0e4ceac2d037996d4b23906db4841b03d4d880a261105dff250ffea5af3
#2 transferring context: 2B done
#2 DONE 0.0s

#4 [internal] load metadata for docker.io/library/node:16-alpine
#4 sha256:93febbdbcf5a756e6e084d46d56976a0630ae35cc38d744d3fb69ab9a7ce9b20
#4 ...

#5 [auth] library/nginx:pull token for registry-1.docker.io
#5 sha256:bf180ac5503a10deef83834db06d45646c523fe284ac3eee3e0c08971fc53913
#5 DONE 0.0s

#6 [auth] library/node:pull token for registry-1.docker.io
#6 sha256:cc41533d34c47c9c2e065dce30da646f7d728cef1912760adb9e9e922d67edbf
#6 DONE 0.0s

#3 [internal] load metadata for docker.io/library/nginx:1.21-alpine
#3 sha256:142656beea3838337a73ebfb849803e301ef2d9ebdd271b501c1c975bcfb8529
#3 DONE 2.2s

#4 [internal] load metadata for docker.io/library/node:16-alpine
#4 sha256:93febbdbcf5a756e6e084d46d56976a0630ae35cc38d744d3fb69ab9a7ce9b20
#4 DONE 2.2s

#11 [dependency-image 1/5] FROM docker.io/library/node:16-alpine@sha256:517ab042ced0fb57ff5bd733094305b25581a9f18a044a6bcb717c203379b61e
#11 sha256:a6117221e4ea2bac8eb962d72b224954ee157c8614dea3bb8f19d9ec58051e77
#11 DONE 0.0s

#7 [runtime-image 1/7] FROM docker.io/library/nginx:1.21-alpine@sha256:bead42240255ae1485653a956ef41c9e458eb077fcb6dc664cbc3aa9701a05ce
#7 sha256:5fec6ce09f499d69cf704976aaec693b353f20165f50233ee78039033b3a78aa
#7 DONE 0.0s

#9 [internal] load build context
#9 sha256:40e74ae86f34336b7b782ad8f336c06c2d1a58d790d17094deed6d6373f442e6
#9 transferring context: 15.27kB 0.0s done
#9 DONE 0.0s

#12 [dependency-image 2/5] WORKDIR /build
#12 sha256:64e35ff16a6e8e10504347722d96a34104eb2e956dc2f048e149982ef7c88113
#12 CACHED

#13 [dependency-image 3/5] COPY ./package.json ./package-lock.json ./
#13 sha256:a662bb86709f871c2471a620a8fd25d1dd370e1a19e7eb538444ed2924351592
#13 CACHED

#8 [runtime-image 2/7] RUN mkdir -p /usr/share/nginx/conf &&     mkdir -p /usr/share/nginx/html &&         rm -rf /usr/share/nginx/conf/* &&     rm -rf /usr/share/nginx/html/*
#8 sha256:1b9aefa956020395a2f370148b7b7388d3963e1b7084cd9dea2c9cc449d76f59
#8 CACHED

#10 [runtime-image 3/7] COPY ./nginx.conf /usr/share/nginx/conf/nginx.conf
#10 sha256:de4aa5eb46040a2c6ba75d79365a560701068fbea3fb76f61b6e95a3ab193f12
#10 CACHED

#14 [dependency-image 4/5] RUN apk add --update python2 make
#14 sha256:64a73a069d2a78d12ff175d6ed8806f0858aa41c0c419b10951c1e29e706d149
#14 0.354 fetch https://dl-cdn.alpinelinux.org/alpine/v3.13/main/x86_64/APKINDEX.tar.gz
#14 2.129 fetch https://dl-cdn.alpinelinux.org/alpine/v3.13/community/x86_64/APKINDEX.tar.gz
#14 5.156 (1/10) Installing make (4.3-r0)
#14 5.406 (2/10) Installing libbz2 (1.0.8-r1)
#14 5.507 (3/10) Installing expat (2.2.10-r1)
#14 5.679 (4/10) Installing libffi (3.3-r2)
#14 5.769 (5/10) Installing gdbm (1.19-r0)
#14 5.975 (6/10) Installing ncurses-terminfo-base (6.2_p20210109-r0)
#14 6.073 (7/10) Installing ncurses-libs (6.2_p20210109-r0)
#14 6.517 (8/10) Installing readline (8.1.0-r0)
#14 6.793 (9/10) Installing sqlite-libs (3.34.1-r0)
#14 7.808 (10/10) Installing python2 (2.7.18-r1)
#14 21.10 Executing busybox-1.32.1-r6.trigger
#14 21.10 OK: 48 MiB in 26 packages
#14 DONE 21.3s

#15 [dependency-image 5/5] RUN npm ci
#15 sha256:4e595320b627304fde44743778cdc78ae7059c1c597edf35ce44de088aaf6ff9
#15 20.27 npm WARN deprecated urix@0.1.0: Please see https://github.com/lydell/urix#deprecated
#15 21.08 npm WARN deprecated uuid@3.4.0: Please upgrade  to version 7 or higher.  Older versions may use Math.random() in certain circumstances, which is known to be problematic.  See https://v8.dev/blog/math-random for details.
#15 22.66 npm WARN deprecated chokidar@2.1.8: Chokidar 2 will break on node v14+. Upgrade to chokidar 3 with 15x less dependencies.
#15 23.43 npm WARN deprecated chokidar@2.1.8: Chokidar 2 will break on node v14+. Upgrade to chokidar 3 with 15x less dependencies.
#15 24.00 npm WARN deprecated resolve-url@0.2.1: https://github.com/lydell/resolve-url#deprecated
#15 25.15 npm WARN deprecated querystring@0.2.0: The querystring API is considered Legacy. new code should use the URLSearchParams API instead.
#15 30.78 npm WARN deprecated request@2.88.2: request has been deprecated, see https://github.com/request/request/issues/3142
#15 32.88 npm WARN deprecated har-validator@5.1.5: this library is no longer supported
#15 34.57 npm WARN deprecated html-webpack-plugin@3.2.0: 3.x is no longer supported
#15 34.72 npm WARN deprecated eslint-loader@2.2.1: This loader has been deprecated. Please use eslint-webpack-plugin
#15 42.48 npm WARN deprecated @hapi/topo@3.1.6: This version has been deprecated and is no longer supported or maintained
#15 42.56 npm WARN deprecated @hapi/bourne@1.3.2: This version has been deprecated and is no longer supported or maintained
#15 42.80 npm WARN deprecated @hapi/address@2.1.4: Moved to 'npm install @sideway/address'
#15 43.11 npm WARN deprecated @hapi/hoek@8.5.1: This version has been deprecated and is no longer supported or maintained
#15 43.78 npm WARN deprecated @hapi/joi@15.1.1: Switch to 'npm install joi'
#15 43.80 npm WARN deprecated tar@2.2.2: This version of tar is no longer supported, and will not receive security updates. Please upgrade asap.
#15 58.45 npm notice 
#15 58.45 npm notice New patch version of npm available! 7.20.3 -> 7.20.6
#15 58.45 npm notice Changelog: <https://github.com/npm/cli/releases/tag/v7.20.6>
#15 58.46 npm notice Run `npm install -g npm@7.20.6` to update!
#15 58.46 npm notice 
#15 58.46 npm ERR! code 1
#15 58.47 npm ERR! path /build/node_modules/node-sass
#15 58.47 npm ERR! command failed
#15 58.47 npm ERR! command sh -c node scripts/build.js
#15 58.47 npm ERR! Building: /usr/local/bin/node /build/node_modules/node-gyp/bin/node-gyp.js rebuild --verbose --libsass_ext= --libsass_cflags= --libsass_ldflags= --libsass_library=
#15 58.48 npm ERR! make: Entering directory '/build/node_modules/node-sass/build'
#15 58.48 npm ERR!   g++ '-DNODE_GYP_MODULE_NAME=libsass' '-DUSING_UV_SHARED=1' '-DUSING_V8_SHARED=1' '-DV8_DEPRECATION_WARNINGS=1' '-DV8_DEPRECATION_WARNINGS' '-DV8_IMMINENT_DEPRECATION_WARNINGS' '-D_GLIBCXX_USE_CXX11_ABI=1' '-D_LARGEFILE_SOURCE' '-D_FILE_OFFSET_BITS=64' '-D__STDC_FORMAT_MACROS' '-DOPENSSL_NO_PINSHARED' '-DOPENSSL_THREADS' '-DLIBSASS_VERSION="3.5.5"' -I/root/.node-gyp/16.6.2/include/node -I/root/.node-gyp/16.6.2/src -I/root/.node-gyp/16.6.2/deps/openssl/config -I/root/.node-gyp/16.6.2/deps/openssl/openssl/include -I/root/.node-gyp/16.6.2/deps/uv/include -I/root/.node-gyp/16.6.2/deps/zlib -I/root/.node-gyp/16.6.2/deps/v8/include -I../src/libsass/include  -fPIC -pthread -Wall -Wextra -Wno-unused-parameter -m64 -O3 -fno-omit-frame-pointer -std=gnu++14 -std=c++0x -fexceptions -frtti -MMD -MF ./Release/.deps/Release/obj.target/libsass/src/libsass/src/ast.o.d.raw   -c -o Release/obj.target/libsass/src/libsass/src/ast.o ../src/libsass/src/ast.cpp
#15 58.48 npm ERR! make: Leaving directory '/build/node_modules/node-sass/build'
#15 58.48 npm ERR! gyp info it worked if it ends with ok
#15 58.48 npm ERR! gyp verb cli [
#15 58.49 npm ERR! gyp verb cli   '/usr/local/bin/node',
#15 58.49 npm ERR! gyp verb cli   '/build/node_modules/node-gyp/bin/node-gyp.js',
#15 58.49 npm ERR! gyp verb cli   'rebuild',
#15 58.49 npm ERR! gyp verb cli   '--verbose',
#15 58.49 npm ERR! gyp verb cli   '--libsass_ext=',
#15 58.49 npm ERR! gyp verb cli   '--libsass_cflags=',
#15 58.49 npm ERR! gyp verb cli   '--libsass_ldflags=',
#15 58.49 npm ERR! gyp verb cli   '--libsass_library='
#15 58.49 npm ERR! gyp verb cli ]
#15 58.49 npm ERR! gyp info using node-gyp@3.8.0
#15 58.49 npm ERR! gyp info using node@16.6.2 | linux | x64
#15 58.49 npm ERR! gyp verb command rebuild []
#15 58.49 npm ERR! gyp verb command clean []
#15 58.49 npm ERR! gyp verb clean removing "build" directory
#15 58.49 npm ERR! gyp verb command configure []
#15 58.49 npm ERR! gyp verb check python checking for Python executable "python2" in the PATH
#15 58.49 npm ERR! gyp verb `which` succeeded python2 /usr/bin/python2
#15 58.49 npm ERR! gyp verb check python version `/usr/bin/python2 -c "import sys; print "2.7.18
#15 58.49 npm ERR! gyp verb check python version .%s.%s" % sys.version_info[:3];"` returned: %j
#15 58.49 npm ERR! gyp verb get node dir no --target version specified, falling back to host node version: 16.6.2
#15 58.49 npm ERR! gyp verb command install [ '16.6.2' ]
#15 58.49 npm ERR! gyp verb install input version string "16.6.2"
#15 58.49 npm ERR! gyp verb install installing version: 16.6.2
#15 58.49 npm ERR! gyp verb install --ensure was passed, so won't reinstall if already installed
#15 58.49 npm ERR! gyp verb install version not already installed, continuing with install 16.6.2
#15 58.49 npm ERR! gyp verb ensuring nodedir is created /root/.node-gyp/16.6.2
#15 58.49 npm ERR! gyp verb created nodedir /root/.node-gyp
#15 58.49 npm ERR! gyp http GET https://unofficial-builds.nodejs.org/download/release/v16.6.2/node-v16.6.2-headers.tar.gz
#15 58.50 npm ERR! gyp http 200 https://unofficial-builds.nodejs.org/download/release/v16.6.2/node-v16.6.2-headers.tar.gz
#15 58.50 npm ERR! gyp verb extracted file from tarball include/node/common.gypi
#15 58.50 npm ERR! gyp verb extracted file from tarball include/node/config.gypi
#15 58.50 npm ERR! gyp verb extracted file from tarball include/node/node.h
#15 58.50 npm ERR! gyp verb extracted file from tarball include/node/node_api.h
#15 58.50 npm ERR! gyp verb extracted file from tarball include/node/js_native_api.h
#15 58.50 npm ERR! gyp verb extracted file from tarball include/node/js_native_api_types.h
#15 58.50 npm ERR! gyp verb extracted file from tarball include/node/node_api_types.h
#15 58.50 npm ERR! gyp verb extracted file from tarball include/node/node_buffer.h
#15 58.51 npm ERR! gyp verb extracted file from tarball include/node/node_object_wrap.h
#15 58.51 npm ERR! gyp verb extracted file from tarball include/node/node_version.h
#15 58.51 npm ERR! gyp verb extracted file from tarball include/node/v8-internal.h
#15 58.51 npm ERR! gyp verb extracted file from tarball include/node/v8-platform.h
#15 58.51 npm ERR! gyp verb extracted file from tarball include/node/v8-profiler.h
#15 58.51 npm ERR! gyp verb extracted file from tarball include/node/v8-version.h
#15 58.51 npm ERR! gyp verb extracted file from tarball include/node/v8.h
#15 58.51 npm ERR! gyp verb extracted file from tarball include/node/v8config.h
#15 58.51 npm ERR! gyp verb extracted file from tarball include/node/libplatform/libplatform-export.h
#15 58.51 npm ERR! gyp verb extracted file from tarball include/node/libplatform/libplatform.h
#15 58.51 npm ERR! gyp verb extracted file from tarball include/node/libplatform/v8-tracing.h
#15 58.51 npm ERR! gyp verb extracted file from tarball include/node/cppgc/common.h
#15 58.51 npm ERR! gyp verb extracted file from tarball include/node/uv.h
#15 58.51 npm ERR! gyp verb extracted file from tarball include/node/uv/aix.h
#15 58.51 npm ERR! gyp verb extracted file from tarball include/node/uv/android-ifaddrs.h
#15 58.51 npm ERR! gyp verb extracted file from tarball include/node/uv/bsd.h
#15 58.51 npm ERR! gyp verb extracted file from tarball include/node/uv/darwin.h
#15 58.51 npm ERR! gyp verb extracted file from tarball include/node/uv/linux.h
#15 58.51 npm ERR! gyp verb extracted file from tarball include/node/uv/os390.h
#15 58.51 npm ERR! gyp verb extracted file from tarball include/node/uv/posix.h
#15 58.51 npm ERR! gyp verb extracted file from tarball include/node/uv/stdint-msvc2008.h
#15 58.51 npm ERR! gyp verb extracted file from tarball include/node/uv/sunos.h
#15 58.51 npm ERR! gyp verb extracted file from tarball include/node/uv/threadpool.h
#15 58.51 npm ERR! gyp verb extracted file from tarball include/node/uv/unix.h
#15 58.51 npm ERR! gyp verb extracted file from tarball include/node/uv/win.h
#15 58.51 npm ERR! gyp verb extracted file from tarball include/node/uv/errno.h
#15 58.51 npm ERR! gyp verb extracted file from tarball include/node/uv/tree.h
#15 58.54 npm ERR! gyp verb extracted file from tarball include/node/uv/version.h
#15 58.54 npm ERR! gyp verb extracted file from tarball include/node/openssl/aes.h
#15 58.54 npm ERR! gyp verb extracted file from tarball include/node/openssl/asn1.h
#15 58.54 npm ERR! gyp verb extracted file from tarball include/node/openssl/asn1_mac.h
#15 58.54 npm ERR! gyp verb extracted file from tarball include/node/openssl/asn1t.h
#15 58.54 npm ERR! gyp verb extracted file from tarball include/node/openssl/async.h
#15 58.54 npm ERR! gyp verb extracted file from tarball include/node/openssl/asyncerr.h
#15 58.54 npm ERR! gyp verb extracted file from tarball include/node/openssl/bio.h
#15 58.54 npm ERR! gyp verb extracted file from tarball include/node/openssl/bioerr.h
#15 58.54 npm ERR! gyp verb extracted file from tarball include/node/openssl/blowfish.h
#15 58.54 npm ERR! gyp verb extracted file from tarball include/node/openssl/bnerr.h
#15 58.54 npm ERR! gyp verb extracted file from tarball include/node/openssl/buffer.h
#15 58.54 npm ERR! gyp verb extracted file from tarball include/node/openssl/buffererr.h
#15 58.54 npm ERR! gyp verb extracted file from tarball include/node/openssl/camellia.h
#15 58.54 npm ERR! gyp verb extracted file from tarball include/node/openssl/cast.h
#15 58.54 npm ERR! gyp verb extracted file from tarball include/node/openssl/cmac.h
#15 58.54 npm ERR! gyp verb extracted file from tarball include/node/openssl/cms.h
#15 58.54 npm ERR! gyp verb extracted file from tarball include/node/openssl/cmserr.h
#15 58.54 npm ERR! gyp verb extracted file from tarball include/node/openssl/comp.h
#15 58.54 npm ERR! gyp verb extracted file from tarball include/node/openssl/comperr.h
#15 58.54 npm ERR! gyp verb extracted file from tarball include/node/openssl/conf.h
#15 58.54 npm ERR! gyp verb extracted file from tarball include/node/openssl/conf_api.h
#15 58.54 npm ERR! gyp verb extracted file from tarball include/node/openssl/conferr.h
#15 58.54 npm ERR! gyp verb extracted file from tarball include/node/openssl/cryptoerr.h
#15 58.54 npm ERR! gyp verb extracted file from tarball include/node/openssl/ct.h
#15 58.54 npm ERR! gyp verb extracted file from tarball include/node/openssl/cterr.h
#15 58.54 npm ERR! gyp verb extracted file from tarball include/node/openssl/des.h
#15 58.54 npm ERR! gyp verb extracted file from tarball include/node/openssl/dh.h
#15 58.54 npm ERR! gyp verb extracted file from tarball include/node/openssl/dherr.h
#15 58.54 npm ERR! gyp verb extracted file from tarball include/node/openssl/dsa.h
#15 58.54 npm ERR! gyp verb extracted file from tarball include/node/openssl/dsaerr.h
#15 58.54 npm ERR! gyp verb extracted file from tarball include/node/openssl/dtls1.h
#15 58.54 npm ERR! gyp verb extracted file from tarball include/node/openssl/ebcdic.h
#15 58.54 npm ERR! gyp verb extracted file from tarball include/node/openssl/ecdh.h
#15 58.54 npm ERR! gyp verb extracted file from tarball include/node/openssl/ecdsa.h
#15 58.54 npm ERR! gyp verb extracted file from tarball include/node/openssl/engine.h
#15 58.54 npm ERR! gyp verb extracted file from tarball include/node/openssl/engineerr.h
#15 58.54 npm ERR! gyp verb extracted file from tarball include/node/openssl/err.h
#15 58.54 npm ERR! gyp verb extracted file from tarball include/node/openssl/sslerr.h
#15 58.54 npm ERR! gyp verb extracted file from tarball include/node/openssl/hmac.h
#15 58.54 npm ERR! gyp verb extracted file from tarball include/node/openssl/idea.h
#15 58.54 npm ERR! gyp verb extracted file from tarball include/node/openssl/kdf.h
#15 58.54 npm ERR! gyp verb extracted file from tarball include/node/openssl/kdferr.h
#15 58.54 npm ERR! gyp verb extracted file from tarball include/node/openssl/lhash.h
#15 58.54 npm ERR! gyp verb extracted file from tarball include/node/openssl/md2.h
#15 58.54 npm ERR! gyp verb extracted file from tarball include/node/openssl/md4.h
#15 58.54 npm ERR! gyp verb extracted file from tarball include/node/openssl/md5.h
#15 58.54 npm ERR! gyp verb extracted file from tarball include/node/openssl/mdc2.h
#15 58.54 npm ERR! gyp verb extracted file from tarball include/node/openssl/modes.h
#15 58.54 npm ERR! gyp verb extracted file from tarball include/node/openssl/objects.h
#15 58.54 npm ERR! gyp verb extracted file from tarball include/node/openssl/objectserr.h
#15 58.54 npm ERR! gyp verb extracted file from tarball include/node/openssl/ocsp.h
#15 58.54 npm ERR! gyp verb extracted file from tarball include/node/openssl/ocsperr.h
#15 58.54 npm ERR! gyp verb extracted file from tarball include/node/openssl/x509err.h
#15 58.54 npm ERR! gyp verb extracted file from tarball include/node/openssl/crypto.h
#15 58.54 npm ERR! gyp verb extracted file from tarball include/node/openssl/pem.h
#15 58.54 npm ERR! gyp verb extracted file from tarball include/node/openssl/pem2.h
#15 58.54 npm ERR! gyp verb extracted file from tarball include/node/openssl/pkcs12.h
#15 58.54 npm ERR! gyp verb extracted file from tarball include/node/openssl/pkcs12err.h
#15 58.54 npm ERR! gyp verb extracted file from tarball include/node/openssl/pkcs7.h
#15 58.54 npm ERR! gyp verb extracted file from tarball include/node/openssl/pkcs7err.h
#15 58.54 npm ERR! gyp verb extracted file from tarball include/node/openssl/rand.h
#15 58.54 npm ERR! gyp verb extracted file from tarball include/node/openssl/rand_drbg.h
#15 58.54 npm ERR! gyp verb extracted file from tarball include/node/openssl/randerr.h
#15 58.54 npm ERR! gyp verb extracted file from tarball include/node/openssl/rc2.h
#15 58.54 npm ERR! gyp verb extracted file from tarball include/node/openssl/rc4.h
#15 58.54 npm ERR! gyp verb extracted file from tarball include/node/openssl/rc5.h
#15 58.54 npm ERR! gyp verb extracted file from tarball include/node/openssl/ripemd.h
#15 58.54 npm ERR! gyp verb extracted file from tarball include/node/openssl/rsa.h
#15 58.54 npm ERR! gyp verb extracted file from tarball include/node/openssl/rsaerr.h
#15 58.54 npm ERR! gyp verb extracted file from tarball include/node/openssl/safestack.h
#15 58.54 npm ERR! gyp verb extracted file from tarball include/node/openssl/seed.h
#15 58.54 npm ERR! gyp verb extracted file from tarball include/node/openssl/sha.h
#15 58.54 npm ERR! gyp verb extracted file from tarball include/node/openssl/srp.h
#15 58.54 npm ERR! gyp verb extracted file from tarball include/node/openssl/srtp.h
#15 58.54 npm ERR! gyp verb extracted file from tarball include/node/openssl/ssl2.h
#15 58.54 npm ERR! gyp verb extracted file from tarball include/node/openssl/evperr.h
#15 58.54 npm ERR! gyp verb extracted file from tarball include/node/openssl/stack.h
#15 58.54 npm ERR! gyp verb extracted file from tarball include/node/openssl/store.h
#15 58.54 npm ERR! gyp verb extracted file from tarball include/node/openssl/storeerr.h
#15 58.54 npm ERR! gyp verb extracted file from tarball include/node/openssl/symhacks.h
#15 58.54 npm ERR! gyp verb extracted file from tarball include/node/openssl/ts.h
#15 58.54 npm ERR! gyp verb extracted file from tarball include/node/openssl/tserr.h
#15 58.54 npm ERR! gyp verb extracted file from tarball include/node/openssl/txt_db.h
#15 58.54 npm ERR! gyp verb extracted file from tarball include/node/openssl/ui.h
#15 58.54 npm ERR! gyp verb extracted file from tarball include/node/openssl/uierr.h
#15 58.54 npm ERR! gyp verb extracted file from tarball include/node/openssl/whrlpool.h
#15 58.54 npm ERR! gyp verb extracted file from tarball include/node/openssl/ec.h
#15 58.54 npm ERR! gyp verb extracted file from tarball include/node/openssl/x509v3.h
#15 58.54 npm ERR! gyp verb extracted file from tarball include/node/openssl/x509v3err.h
#15 58.54 npm ERR! gyp verb extracted file from tarball include/node/openssl/ossl_typ.h
#15 58.54 npm ERR! gyp verb extracted file from tarball include/node/openssl/tls1.h
#15 58.54 npm ERR! gyp verb extracted file from tarball include/node/openssl/pemerr.h
#15 58.54 npm ERR! gyp verb extracted file from tarball include/node/openssl/ssl3.h
#15 58.54 npm ERR! gyp verb extracted file from tarball include/node/openssl/ssl.h
#15 58.54 npm ERR! gyp verb extracted file from tarball include/node/openssl/evp.h
#15 58.54 npm ERR! gyp verb extracted file from tarball include/node/openssl/ecerr.h
#15 58.54 npm ERR! gyp verb extracted file from tarball include/node/openssl/opensslv.h
#15 58.54 npm ERR! gyp verb extracted file from tarball include/node/openssl/x509.h
#15 58.54 npm ERR! gyp verb extracted file from tarball include/node/openssl/x509_vfy.h
#15 58.54 npm ERR! gyp verb extracted file from tarball include/node/openssl/asn1err.h
#15 58.54 npm ERR! gyp verb extracted file from tarball include/node/openssl/bn.h
#15 58.54 npm ERR! gyp verb extracted file from tarball include/node/openssl/e_os2.h
#15 58.54 npm ERR! gyp verb extracted file from tarball include/node/openssl/obj_mac.h
#15 58.54 npm ERR! gyp verb extracted file from tarball include/node/openssl/archs/BSD-x86_64/asm/crypto/include/internal/bn_conf.h
#15 58.54 npm ERR! gyp verb extracted file from tarball include/node/openssl/archs/BSD-x86_64/asm/crypto/include/internal/dso_conf.h
#15 58.54 npm ERR! gyp verb extracted file from tarball include/node/openssl/archs/BSD-x86_64/asm/crypto/buildinf.h
#15 58.54 npm ERR! gyp verb extracted file from tarball include/node/openssl/archs/BSD-x86_64/asm/include/openssl/opensslconf.h
#15 58.54 npm ERR! gyp verb extracted file from tarball include/node/openssl/archs/BSD-x86_64/asm/include/progs.h
#15 58.54 npm ERR! gyp verb extracted file from tarball include/node/openssl/archs/BSD-x86_64/asm_avx2/crypto/include/internal/bn_conf.h
#15 58.54 npm ERR! gyp verb extracted file from tarball include/node/openssl/archs/BSD-x86_64/asm_avx2/crypto/include/internal/dso_conf.h
#15 58.54 npm ERR! gyp verb extracted file from tarball include/node/openssl/archs/BSD-x86_64/asm_avx2/crypto/buildinf.h
#15 58.54 npm ERR! gyp verb extracted file from tarball include/node/openssl/archs/BSD-x86_64/asm_avx2/include/openssl/opensslconf.h
#15 58.54 npm ERR! gyp verb extracted file from tarball include/node/openssl/archs/BSD-x86_64/asm_avx2/include/progs.h
#15 58.54 npm ERR! gyp verb extracted file from tarball include/node/openssl/archs/BSD-x86_64/no-asm/crypto/include/internal/bn_conf.h
#15 58.54 npm ERR! gyp verb extracted file from tarball include/node/openssl/archs/BSD-x86_64/no-asm/crypto/include/internal/dso_conf.h
#15 58.54 npm ERR! gyp verb extracted file from tarball include/node/openssl/archs/BSD-x86_64/no-asm/crypto/buildinf.h
#15 58.54 npm ERR! gyp verb extracted file from tarball include/node/openssl/archs/BSD-x86_64/no-asm/include/openssl/opensslconf.h
#15 58.54 npm ERR! gyp verb extracted file from tarball include/node/openssl/archs/BSD-x86_64/no-asm/include/progs.h
#15 58.54 npm ERR! gyp verb extracted file from tarball include/node/openssl/archs/VC-WIN32/asm/crypto/include/internal/bn_conf.h
#15 58.54 npm ERR! gyp verb extracted file from tarball include/node/openssl/archs/VC-WIN32/asm/crypto/include/internal/dso_conf.h
#15 58.54 npm ERR! gyp verb extracted file from tarball include/node/openssl/archs/VC-WIN32/asm/crypto/buildinf.h
#15 58.54 npm ERR! gyp verb extracted file from tarball include/node/openssl/archs/VC-WIN32/asm/include/openssl/opensslconf.h
#15 58.54 npm ERR! gyp verb extracted file from tarball include/node/openssl/archs/VC-WIN32/asm/include/progs.h
#15 58.54 npm ERR! gyp verb extracted file from tarball include/node/openssl/archs/VC-WIN32/asm_avx2/crypto/include/internal/bn_conf.h
#15 58.54 npm ERR! gyp verb extracted file from tarball include/node/openssl/archs/VC-WIN32/asm_avx2/crypto/include/internal/dso_conf.h
#15 58.54 npm ERR! gyp verb extracted file from tarball include/node/openssl/archs/VC-WIN32/asm_avx2/crypto/buildinf.h
#15 58.54 npm ERR! gyp verb extracted file from tarball include/node/openssl/archs/VC-WIN32/asm_avx2/include/openssl/opensslconf.h
#15 58.54 npm ERR! gyp verb extracted file from tarball include/node/openssl/archs/VC-WIN32/asm_avx2/include/progs.h
#15 58.54 npm ERR! gyp verb extracted file from tarball include/node/openssl/archs/VC-WIN32/no-asm/crypto/include/internal/bn_conf.h
#15 58.54 npm ERR! gyp verb extracted file from tarball include/node/openssl/archs/VC-WIN32/no-asm/crypto/include/internal/dso_conf.h
#15 58.54 npm ERR! gyp verb extracted file from tarball include/node/openssl/archs/VC-WIN32/no-asm/crypto/buildinf.h
#15 58.54 npm ERR! gyp verb extracted file from tarball include/node/openssl/archs/VC-WIN32/no-asm/include/openssl/opensslconf.h
#15 58.54 npm ERR! gyp verb extracted file from tarball include/node/openssl/archs/VC-WIN32/no-asm/include/progs.h
#15 58.54 npm ERR! gyp verb extracted file from tarball include/node/openssl/archs/VC-WIN64-ARM/no-asm/crypto/include/internal/bn_conf.h
#15 58.54 npm ERR! gyp verb extracted file from tarball include/node/openssl/archs/VC-WIN64-ARM/no-asm/crypto/include/internal/dso_conf.h
#15 58.54 npm ERR! gyp verb extracted file from tarball include/node/openssl/archs/VC-WIN64-ARM/no-asm/crypto/buildinf.h
#15 58.54 npm ERR! gyp verb extracted file from tarball include/node/openssl/archs/VC-WIN64-ARM/no-asm/include/openssl/opensslconf.h
#15 58.54 npm ERR! gyp verb extracted file from tarball include/node/openssl/archs/VC-WIN64-ARM/no-asm/include/progs.h
#15 58.54 npm ERR! gyp verb extracted file from tarball include/node/openssl/archs/VC-WIN64A/asm/crypto/include/internal/bn_conf.h
#15 58.55 npm ERR! gyp verb extracted file from tarball include/node/openssl/archs/VC-WIN64A/asm/crypto/include/internal/dso_conf.h
#15 58.55 npm ERR! gyp verb extracted file from tarball include/node/openssl/archs/VC-WIN64A/asm/crypto/buildinf.h
#15 58.55 npm ERR! gyp verb extracted file from tarball include/node/openssl/archs/VC-WIN64A/asm/include/openssl/opensslconf.h
#15 58.55 npm ERR! gyp verb extracted file from tarball include/node/openssl/archs/VC-WIN64A/asm/include/progs.h
#15 58.55 npm ERR! gyp verb extracted file from tarball include/node/openssl/archs/VC-WIN64A/asm_avx2/crypto/include/internal/bn_conf.h
#15 58.55 npm ERR! gyp verb extracted file from tarball include/node/openssl/archs/VC-WIN64A/asm_avx2/crypto/include/internal/dso_conf.h
#15 58.55 npm ERR! gyp verb extracted file from tarball include/node/openssl/archs/VC-WIN64A/asm_avx2/crypto/buildinf.h
#15 58.55 npm ERR! gyp verb extracted file from tarball include/node/openssl/archs/VC-WIN64A/asm_avx2/include/openssl/opensslconf.h
#15 58.55 npm ERR! gyp verb extracted file from tarball include/node/openssl/archs/VC-WIN64A/asm_avx2/include/progs.h
#15 58.55 npm ERR! gyp verb extracted file from tarball include/node/openssl/archs/VC-WIN64A/no-asm/crypto/include/internal/bn_conf.h
#15 58.55 npm ERR! gyp verb extracted file from tarball include/node/openssl/archs/VC-WIN64A/no-asm/crypto/include/internal/dso_conf.h
#15 58.55 npm ERR! gyp verb extracted file from tarball include/node/openssl/archs/VC-WIN64A/no-asm/crypto/buildinf.h
#15 58.55 npm ERR! gyp verb extracted file from tarball include/node/openssl/archs/VC-WIN64A/no-asm/include/openssl/opensslconf.h
#15 58.55 npm ERR! gyp verb extracted file from tarball include/node/openssl/archs/VC-WIN64A/no-asm/include/progs.h
#15 58.55 npm ERR! gyp verb extracted file from tarball include/node/openssl/archs/aix-gcc/asm/crypto/include/internal/bn_conf.h
#15 58.55 npm ERR! gyp verb extracted file from tarball include/node/openssl/archs/aix-gcc/asm/crypto/include/internal/dso_conf.h
#15 58.55 npm ERR! gyp verb extracted file from tarball include/node/openssl/archs/aix-gcc/asm/crypto/buildinf.h
#15 58.55 npm ERR! gyp verb extracted file from tarball include/node/openssl/archs/aix-gcc/asm/include/openssl/opensslconf.h
#15 58.55 npm ERR! gyp verb extracted file from tarball include/node/openssl/archs/aix-gcc/asm/include/progs.h
#15 58.55 npm ERR! gyp verb extracted file from tarball include/node/openssl/archs/aix-gcc/asm_avx2/crypto/include/internal/bn_conf.h
#15 58.55 npm ERR! gyp verb extracted file from tarball include/node/openssl/archs/aix-gcc/asm_avx2/crypto/include/internal/dso_conf.h
#15 58.55 npm ERR! gyp verb extracted file from tarball include/node/openssl/archs/aix-gcc/asm_avx2/crypto/buildinf.h
#15 58.55 npm ERR! gyp verb extracted file from tarball include/node/openssl/archs/aix-gcc/asm_avx2/include/openssl/opensslconf.h
#15 58.55 npm ERR! gyp verb extracted file from tarball include/node/openssl/archs/aix-gcc/asm_avx2/include/progs.h
#15 58.55 npm ERR! gyp verb extracted file from tarball include/node/openssl/archs/aix-gcc/no-asm/crypto/include/internal/bn_conf.h
#15 58.55 npm ERR! gyp verb extracted file from tarball include/node/openssl/archs/aix-gcc/no-asm/crypto/include/internal/dso_conf.h
#15 58.55 npm ERR! gyp verb extracted file from tarball include/node/openssl/archs/aix-gcc/no-asm/crypto/buildinf.h
#15 58.55 npm ERR! gyp verb extracted file from tarball include/node/openssl/archs/aix-gcc/no-asm/include/openssl/opensslconf.h
#15 58.55 npm ERR! gyp verb extracted file from tarball include/node/openssl/archs/aix-gcc/no-asm/include/progs.h
#15 58.55 npm ERR! gyp verb extracted file from tarball include/node/openssl/archs/aix64-gcc/asm/crypto/include/internal/bn_conf.h
#15 58.55 npm ERR! gyp verb extracted file from tarball include/node/openssl/archs/aix64-gcc/asm/crypto/include/internal/dso_conf.h
#15 58.55 npm ERR! gyp verb extracted file from tarball include/node/openssl/archs/aix64-gcc/asm/crypto/buildinf.h
#15 58.55 npm ERR! gyp verb extracted file from tarball include/node/openssl/archs/aix64-gcc/asm/include/openssl/opensslconf.h
#15 58.55 npm ERR! gyp verb extracted file from tarball include/node/openssl/archs/aix64-gcc/asm/include/progs.h
#15 58.55 npm ERR! gyp verb extracted file from tarball include/node/openssl/archs/aix64-gcc/asm_avx2/crypto/include/internal/bn_conf.h
#15 58.55 npm ERR! gyp verb extracted file from tarball include/node/openssl/archs/aix64-gcc/asm_avx2/crypto/include/internal/dso_conf.h
#15 58.55 npm ERR! gyp verb extracted file from tarball include/node/openssl/archs/aix64-gcc/asm_avx2/crypto/buildinf.h
#15 58.55 npm ERR! gyp verb extracted file from tarball include/node/openssl/archs/aix64-gcc/asm_avx2/include/openssl/opensslconf.h
#15 58.55 npm ERR! gyp verb extracted file from tarball include/node/openssl/archs/aix64-gcc/asm_avx2/include/progs.h
#15 58.55 npm ERR! gyp verb extracted file from tarball include/node/openssl/archs/aix64-gcc/no-asm/crypto/include/internal/bn_conf.h
#15 58.55 npm ERR! gyp verb extracted file from tarball include/node/openssl/archs/aix64-gcc/no-asm/crypto/include/internal/dso_conf.h
#15 58.55 npm ERR! gyp verb extracted file from tarball include/node/openssl/archs/aix64-gcc/no-asm/crypto/buildinf.h
#15 58.55 npm ERR! gyp verb extracted file from tarball include/node/openssl/archs/aix64-gcc/no-asm/include/openssl/opensslconf.h
#15 58.55 npm ERR! gyp verb extracted file from tarball include/node/openssl/archs/aix64-gcc/no-asm/include/progs.h
#15 58.55 npm ERR! gyp verb extracted file from tarball include/node/openssl/archs/darwin-i386-cc/asm/crypto/include/internal/bn_conf.h
#15 58.55 npm ERR! gyp verb extracted file from tarball include/node/openssl/archs/darwin-i386-cc/asm/crypto/include/internal/dso_conf.h
#15 58.55 npm ERR! gyp verb extracted file from tarball include/node/openssl/archs/darwin-i386-cc/asm/crypto/buildinf.h
#15 58.55 npm ERR! gyp verb extracted file from tarball include/node/openssl/archs/darwin-i386-cc/asm/include/openssl/opensslconf.h
#15 58.55 npm ERR! gyp verb extracted file from tarball include/node/openssl/archs/darwin-i386-cc/asm/include/progs.h
#15 58.57 npm ERR! gyp verb extracted file from tarball include/node/openssl/archs/darwin-i386-cc/asm_avx2/crypto/include/internal/bn_conf.h
#15 58.57 npm ERR! gyp verb extracted file from tarball include/node/openssl/archs/darwin-i386-cc/asm_avx2/crypto/include/internal/dso_conf.h
#15 58.57 npm ERR! gyp verb extracted file from tarball include/node/openssl/archs/darwin-i386-cc/asm_avx2/crypto/buildinf.h
#15 58.57 npm ERR! gyp verb extracted file from tarball include/node/openssl/archs/darwin-i386-cc/asm_avx2/include/openssl/opensslconf.h
#15 58.57 npm ERR! gyp verb extracted file from tarball include/node/openssl/archs/darwin-i386-cc/asm_avx2/include/progs.h
#15 58.57 npm ERR! gyp verb extracted file from tarball include/node/openssl/archs/darwin-i386-cc/no-asm/crypto/include/internal/bn_conf.h
#15 58.57 npm ERR! gyp verb extracted file from tarball include/node/openssl/archs/darwin-i386-cc/no-asm/crypto/include/internal/dso_conf.h
#15 58.57 npm ERR! gyp verb extracted file from tarball include/node/openssl/archs/darwin-i386-cc/no-asm/crypto/buildinf.h
#15 58.57 npm ERR! gyp verb extracted file from tarball include/node/openssl/archs/darwin-i386-cc/no-asm/include/openssl/opensslconf.h
#15 58.57 npm ERR! gyp verb extracted file from tarball include/node/openssl/archs/darwin-i386-cc/no-asm/include/progs.h
#15 58.57 npm ERR! gyp verb extracted file from tarball include/node/openssl/archs/darwin64-x86_64-cc/asm/crypto/include/internal/bn_conf.h
#15 58.57 npm ERR! gyp verb extracted file from tarball include/node/openssl/archs/darwin64-x86_64-cc/asm/crypto/include/internal/dso_conf.h
#15 58.57 npm ERR! gyp verb extracted file from tarball include/node/openssl/archs/darwin64-x86_64-cc/asm/crypto/buildinf.h
#15 58.57 npm ERR! gyp verb extracted file from tarball include/node/openssl/archs/darwin64-x86_64-cc/asm/include/openssl/opensslconf.h
#15 58.57 npm ERR! gyp verb extracted file from tarball include/node/openssl/archs/darwin64-x86_64-cc/asm/include/progs.h
#15 58.57 npm ERR! gyp verb extracted file from tarball include/node/openssl/archs/darwin64-x86_64-cc/asm_avx2/crypto/include/internal/bn_conf.h
#15 58.57 npm ERR! gyp verb extracted file from tarball include/node/openssl/archs/darwin64-x86_64-cc/asm_avx2/crypto/include/internal/dso_conf.h
#15 58.57 npm ERR! gyp verb extracted file from tarball include/node/openssl/archs/darwin64-x86_64-cc/asm_avx2/crypto/buildinf.h
#15 58.57 npm ERR! gyp verb extracted file from tarball include/node/openssl/archs/darwin64-x86_64-cc/asm_avx2/include/openssl/opensslconf.h
#15 58.57 npm ERR! gyp verb extracted file from tarball include/node/openssl/archs/darwin64-x86_64-cc/asm_avx2/include/progs.h
#15 58.57 npm ERR! gyp verb extracted file from tarball include/node/openssl/archs/darwin64-x86_64-cc/no-asm/crypto/include/internal/bn_conf.h
#15 58.57 npm ERR! gyp verb extracted file from tarball include/node/openssl/archs/darwin64-x86_64-cc/no-asm/crypto/include/internal/dso_conf.h
#15 58.57 npm ERR! gyp verb extracted file from tarball include/node/openssl/archs/darwin64-x86_64-cc/no-asm/crypto/buildinf.h
#15 58.57 npm ERR! gyp verb extracted file from tarball include/node/openssl/archs/darwin64-x86_64-cc/no-asm/include/openssl/opensslconf.h
#15 58.57 npm ERR! gyp verb extracted file from tarball include/node/openssl/archs/darwin64-x86_64-cc/no-asm/include/progs.h
#15 58.57 npm ERR! gyp verb extracted file from tarball include/node/openssl/archs/linux-aarch64/asm/crypto/include/internal/bn_conf.h
#15 58.57 npm ERR! gyp verb extracted file from tarball include/node/openssl/archs/linux-aarch64/asm/crypto/include/internal/dso_conf.h
#15 58.57 npm ERR! gyp verb extracted file from tarball include/node/openssl/archs/linux-aarch64/asm/crypto/buildinf.h
#15 58.57 npm ERR! gyp verb extracted file from tarball include/node/openssl/archs/linux-aarch64/asm/include/openssl/opensslconf.h
#15 58.57 npm ERR! gyp verb extracted file from tarball include/node/openssl/archs/linux-aarch64/asm/include/progs.h
#15 58.57 npm ERR! gyp verb extracted file from tarball include/node/openssl/archs/linux-aarch64/asm_avx2/crypto/include/internal/bn_conf.h
#15 58.57 npm ERR! gyp verb extracted file from tarball include/node/openssl/archs/linux-aarch64/asm_avx2/crypto/include/internal/dso_conf.h
#15 58.57 npm ERR! gyp verb extracted file from tarball include/node/openssl/archs/linux-aarch64/asm_avx2/crypto/buildinf.h
#15 58.57 npm ERR! gyp verb extracted file from tarball include/node/openssl/archs/linux-aarch64/asm_avx2/include/openssl/opensslconf.h
#15 58.57 npm ERR! gyp verb extracted file from tarball include/node/openssl/archs/linux-aarch64/asm_avx2/include/progs.h
#15 58.57 npm ERR! gyp verb extracted file from tarball include/node/openssl/archs/linux-aarch64/no-asm/crypto/include/internal/bn_conf.h
#15 58.57 npm ERR! gyp verb extracted file from tarball include/node/openssl/archs/linux-aarch64/no-asm/crypto/include/internal/dso_conf.h
#15 58.57 npm ERR! gyp verb extracted file from tarball include/node/openssl/archs/linux-aarch64/no-asm/crypto/buildinf.h
#15 58.57 npm ERR! gyp verb extracted file from tarball include/node/openssl/archs/linux-aarch64/no-asm/include/openssl/opensslconf.h
#15 58.57 npm ERR! gyp verb extracted file from tarball include/node/openssl/archs/linux-aarch64/no-asm/include/progs.h
#15 58.57 npm ERR! gyp verb extracted file from tarball include/node/openssl/archs/linux-armv4/asm/crypto/include/internal/bn_conf.h
#15 58.57 npm ERR! gyp verb extracted file from tarball include/node/openssl/archs/linux-armv4/asm/crypto/include/internal/dso_conf.h
#15 58.57 npm ERR! gyp verb extracted file from tarball include/node/openssl/archs/linux-armv4/asm/crypto/buildinf.h
#15 58.57 npm ERR! gyp verb extracted file from tarball include/node/openssl/archs/linux-armv4/asm/include/openssl/opensslconf.h
#15 58.57 npm ERR! gyp verb extracted file from tarball include/node/openssl/archs/linux-armv4/asm/include/progs.h
#15 58.57 npm ERR! gyp verb extracted file from tarball include/node/openssl/archs/linux-armv4/asm_avx2/crypto/include/internal/bn_conf.h
#15 58.57 npm ERR! gyp verb extracted file from tarball include/node/openssl/archs/linux-armv4/asm_avx2/crypto/include/internal/dso_conf.h
#15 58.57 npm ERR! gyp verb extracted file from tarball include/node/openssl/archs/linux-armv4/asm_avx2/crypto/buildinf.h
#15 58.57 npm ERR! gyp verb extracted file from tarball include/node/openssl/archs/linux-armv4/asm_avx2/include/openssl/opensslconf.h
#15 58.57 npm ERR! gyp verb extracted file from tarball include/node/openssl/archs/linux-armv4/asm_avx2/include/progs.h
#15 58.57 npm ERR! gyp verb extracted file from tarball include/node/openssl/archs/linux-armv4/no-asm/crypto/include/internal/bn_conf.h
#15 58.57 npm ERR! gyp verb extracted file from tarball include/node/openssl/archs/linux-armv4/no-asm/crypto/include/internal/dso_conf.h
#15 58.57 npm ERR! gyp verb extracted file from tarball include/node/openssl/archs/linux-armv4/no-asm/crypto/buildinf.h
#15 58.57 npm ERR! gyp verb extracted file from tarball include/node/openssl/archs/linux-armv4/no-asm/include/openssl/opensslconf.h
#15 58.57 npm ERR! gyp verb extracted file from tarball include/node/openssl/archs/linux-armv4/no-asm/include/progs.h
#15 58.57 npm ERR! gyp verb extracted file from tarball include/node/openssl/archs/linux-elf/asm/crypto/include/internal/bn_conf.h
#15 58.57 npm ERR! gyp verb extracted file from tarball include/node/openssl/archs/linux-elf/asm/crypto/include/internal/dso_conf.h
#15 58.57 npm ERR! gyp verb extracted file from tarball include/node/openssl/archs/linux-elf/asm/crypto/buildinf.h
#15 58.57 npm ERR! gyp verb extracted file from tarball include/node/openssl/archs/linux-elf/asm/include/openssl/opensslconf.h
#15 58.57 npm ERR! gyp verb extracted file from tarball include/node/openssl/archs/linux-elf/asm/include/progs.h
#15 58.57 npm ERR! gyp verb extracted file from tarball include/node/openssl/archs/linux-elf/asm_avx2/crypto/include/internal/bn_conf.h
#15 58.57 npm ERR! gyp verb extracted file from tarball include/node/openssl/archs/linux-elf/asm_avx2/crypto/include/internal/dso_conf.h
#15 58.57 npm ERR! gyp verb extracted file from tarball include/node/openssl/archs/linux-elf/asm_avx2/crypto/buildinf.h
#15 58.57 npm ERR! gyp verb extracted file from tarball include/node/openssl/archs/linux-elf/asm_avx2/include/openssl/opensslconf.h
#15 58.57 npm ERR! gyp verb extracted file from tarball include/node/openssl/archs/linux-elf/asm_avx2/include/progs.h
#15 58.57 npm ERR! gyp verb extracted file from tarball include/node/openssl/archs/linux-elf/no-asm/crypto/include/internal/bn_conf.h
#15 58.57 npm ERR! gyp verb extracted file from tarball include/node/openssl/archs/linux-elf/no-asm/crypto/include/internal/dso_conf.h
#15 58.57 npm ERR! gyp verb extracted file from tarball include/node/openssl/archs/linux-elf/no-asm/crypto/buildinf.h
#15 58.57 npm ERR! gyp verb extracted file from tarball include/node/openssl/archs/linux-elf/no-asm/include/openssl/opensslconf.h
#15 58.57 npm ERR! gyp verb extracted file from tarball include/node/openssl/archs/linux-elf/no-asm/include/progs.h
#15 58.57 npm ERR! gyp verb extracted file from tarball include/node/openssl/archs/linux-ppc/asm/crypto/include/internal/bn_conf.h
#15 58.57 npm ERR! gyp verb extracted file from tarball include/node/openssl/archs/linux-ppc/asm/crypto/include/internal/dso_conf.h
#15 58.57 npm ERR! gyp verb extracted file from tarball include/node/openssl/archs/linux-ppc/asm/crypto/buildinf.h
#15 58.57 npm ERR! gyp verb extracted file from tarball include/node/openssl/archs/linux-ppc/asm/include/openssl/opensslconf.h
#15 58.57 npm ERR! gyp verb extracted file from tarball include/node/openssl/archs/linux-ppc/asm/include/progs.h
#15 58.57 npm ERR! gyp verb extracted file from tarball include/node/openssl/archs/linux-ppc/asm_avx2/crypto/include/internal/bn_conf.h
#15 58.57 npm ERR! gyp verb extracted file from tarball include/node/openssl/archs/linux-ppc/asm_avx2/crypto/include/internal/dso_conf.h
#15 58.57 npm ERR! gyp verb extracted file from tarball include/node/openssl/archs/linux-ppc/asm_avx2/crypto/buildinf.h
#15 58.57 npm ERR! gyp verb extracted file from tarball include/node/openssl/archs/linux-ppc/asm_avx2/include/openssl/opensslconf.h
#15 58.57 npm ERR! gyp verb extracted file from tarball include/node/openssl/archs/linux-ppc/asm_avx2/include/progs.h
#15 58.57 npm ERR! gyp verb extracted file from tarball include/node/openssl/archs/linux-ppc/no-asm/crypto/include/internal/bn_conf.h
#15 58.57 npm ERR! gyp verb extracted file from tarball include/node/openssl/archs/linux-ppc/no-asm/crypto/include/internal/dso_conf.h
#15 58.57 npm ERR! gyp verb extracted file from tarball include/node/openssl/archs/linux-ppc/no-asm/crypto/buildinf.h
#15 58.57 npm ERR! gyp verb extracted file from tarball include/node/openssl/archs/linux-ppc/no-asm/include/openssl/opensslconf.h
#15 58.57 npm ERR! gyp verb extracted file from tarball include/node/openssl/archs/linux-ppc/no-asm/include/progs.h
#15 58.57 npm ERR! gyp verb extracted file from tarball include/node/openssl/archs/linux-ppc64/asm/crypto/include/internal/bn_conf.h
#15 58.57 npm ERR! gyp verb extracted file from tarball include/node/openssl/archs/linux-ppc64/asm/crypto/include/internal/dso_conf.h
#15 58.57 npm ERR! gyp verb extracted file from tarball include/node/openssl/archs/linux-ppc64/asm/crypto/buildinf.h
#15 58.57 npm ERR! gyp verb extracted file from tarball include/node/openssl/archs/linux-ppc64/asm/include/openssl/opensslconf.h
#15 58.57 npm ERR! gyp verb extracted file from tarball include/node/openssl/archs/linux-ppc64/asm/include/progs.h
#15 58.57 npm ERR! gyp verb extracted file from tarball include/node/openssl/archs/linux-ppc64/asm_avx2/crypto/include/internal/bn_conf.h
#15 58.57 npm ERR! gyp verb extracted file from tarball include/node/openssl/archs/linux-ppc64/asm_avx2/crypto/include/internal/dso_conf.h
#15 58.57 npm ERR! gyp verb extracted file from tarball include/node/openssl/archs/linux-ppc64/asm_avx2/crypto/buildinf.h
#15 58.57 npm ERR! gyp verb extracted file from tarball include/node/openssl/archs/linux-ppc64/asm_avx2/include/openssl/opensslconf.h
#15 58.57 npm ERR! gyp verb extracted file from tarball include/node/openssl/archs/linux-ppc64/asm_avx2/include/progs.h
#15 58.57 npm ERR! gyp verb extracted file from tarball include/node/openssl/archs/linux-ppc64/no-asm/crypto/include/internal/bn_conf.h
#15 58.57 npm ERR! gyp verb extracted file from tarball include/node/openssl/archs/linux-ppc64/no-asm/crypto/include/internal/dso_conf.h
#15 58.57 npm ERR! gyp verb extracted file from tarball include/node/openssl/archs/linux-ppc64/no-asm/crypto/buildinf.h
#15 58.57 npm ERR! gyp verb extracted file from tarball include/node/openssl/archs/linux-ppc64/no-asm/include/openssl/opensslconf.h
#15 58.57 npm ERR! gyp verb extracted file from tarball include/node/openssl/archs/linux-ppc64/no-asm/include/progs.h
#15 58.57 npm ERR! gyp verb extracted file from tarball include/node/openssl/archs/linux-ppc64le/asm/crypto/include/internal/bn_conf.h
#15 58.57 npm ERR! gyp verb extracted file from tarball include/node/openssl/archs/linux-ppc64le/asm/crypto/include/internal/dso_conf.h
#15 58.57 npm ERR! gyp verb extracted file from tarball include/node/openssl/archs/linux-ppc64le/asm/crypto/buildinf.h
#15 58.57 npm ERR! gyp verb extracted file from tarball include/node/openssl/archs/linux-ppc64le/asm/include/openssl/opensslconf.h
#15 58.57 npm ERR! gyp verb extracted file from tarball include/node/openssl/archs/linux-ppc64le/asm/include/progs.h
#15 58.57 npm ERR! gyp verb extracted file from tarball include/node/openssl/archs/linux-ppc64le/asm_avx2/crypto/include/internal/bn_conf.h
#15 58.57 npm ERR! gyp verb extracted file from tarball include/node/openssl/archs/linux-ppc64le/asm_avx2/crypto/include/internal/dso_conf.h
#15 58.57 npm ERR! gyp verb extracted file from tarball include/node/openssl/archs/linux-ppc64le/asm_avx2/crypto/buildinf.h
#15 58.57 npm ERR! gyp verb extracted file from tarball include/node/openssl/archs/linux-ppc64le/asm_avx2/include/openssl/opensslconf.h
#15 58.57 npm ERR! gyp verb extracted file from tarball include/node/openssl/archs/linux-ppc64le/asm_avx2/include/progs.h
#15 58.57 npm ERR! gyp verb extracted file from tarball include/node/openssl/archs/linux-ppc64le/no-asm/crypto/include/internal/bn_conf.h
#15 58.57 npm ERR! gyp verb extracted file from tarball include/node/openssl/archs/linux-ppc64le/no-asm/crypto/include/internal/dso_conf.h
#15 58.57 npm ERR! gyp verb extracted file from tarball include/node/openssl/archs/linux-ppc64le/no-asm/crypto/buildinf.h
#15 58.57 npm ERR! gyp verb extracted file from tarball include/node/openssl/archs/linux-ppc64le/no-asm/include/openssl/opensslconf.h
#15 58.57 npm ERR! gyp verb extracted file from tarball include/node/openssl/archs/linux-ppc64le/no-asm/include/progs.h
#15 58.57 npm ERR! gyp verb extracted file from tarball include/node/openssl/archs/linux-x32/asm/crypto/include/internal/bn_conf.h
#15 58.57 npm ERR! gyp verb extracted file from tarball include/node/openssl/archs/linux-x32/asm/crypto/include/internal/dso_conf.h
#15 58.57 npm ERR! gyp verb extracted file from tarball include/node/openssl/archs/linux-x32/asm/crypto/buildinf.h
#15 58.57 npm ERR! gyp verb extracted file from tarball include/node/openssl/archs/linux-x32/asm/include/openssl/opensslconf.h
#15 58.57 npm ERR! gyp verb extracted file from tarball include/node/openssl/archs/linux-x32/asm/include/progs.h
#15 58.57 npm ERR! gyp verb extracted file from tarball include/node/openssl/archs/linux-x32/asm_avx2/crypto/include/internal/bn_conf.h
#15 58.57 npm ERR! gyp verb extracted file from tarball include/node/openssl/archs/linux-x32/asm_avx2/crypto/include/internal/dso_conf.h
#15 58.57 npm ERR! gyp verb extracted file from tarball include/node/openssl/archs/linux-x32/asm_avx2/crypto/buildinf.h
#15 58.57 npm ERR! gyp verb extracted file from tarball include/node/openssl/archs/linux-x32/asm_avx2/include/openssl/opensslconf.h
#15 58.57 npm ERR! gyp verb extracted file from tarball include/node/openssl/archs/linux-x32/asm_avx2/include/progs.h
#15 58.57 npm ERR! gyp verb extracted file from tarball include/node/openssl/archs/linux-x32/no-asm/crypto/include/internal/bn_conf.h
#15 58.57 npm ERR! gyp verb extracted file from tarball include/node/openssl/archs/linux-x32/no-asm/crypto/include/internal/dso_conf.h
#15 58.57 npm ERR! gyp verb extracted file from tarball include/node/openssl/archs/linux-x32/no-asm/crypto/buildinf.h
#15 58.57 npm ERR! gyp verb extracted file from tarball include/node/openssl/archs/linux-x32/no-asm/include/openssl/opensslconf.h
#15 58.57 npm ERR! gyp verb extracted file from tarball include/node/openssl/archs/linux-x32/no-asm/include/progs.h
#15 58.57 npm ERR! gyp verb extracted file from tarball include/node/openssl/archs/linux-x86_64/asm/crypto/include/internal/bn_conf.h
#15 58.57 npm ERR! gyp verb extracted file from tarball include/node/openssl/archs/linux-x86_64/asm/crypto/include/internal/dso_conf.h
#15 58.57 npm ERR! gyp verb extracted file from tarball include/node/openssl/archs/linux-x86_64/asm/crypto/buildinf.h
#15 58.57 npm ERR! gyp verb extracted file from tarball include/node/openssl/archs/linux-x86_64/asm/include/openssl/opensslconf.h
#15 58.57 npm ERR! gyp verb extracted file from tarball include/node/openssl/archs/linux-x86_64/asm/include/progs.h
#15 58.57 npm ERR! gyp verb extracted file from tarball include/node/openssl/archs/linux-x86_64/asm_avx2/crypto/include/internal/bn_conf.h
#15 58.57 npm ERR! gyp verb extracted file from tarball include/node/openssl/archs/linux-x86_64/asm_avx2/crypto/include/internal/dso_conf.h
#15 58.57 npm ERR! gyp verb extracted file from tarball include/node/openssl/archs/linux-x86_64/asm_avx2/crypto/buildinf.h
#15 58.57 npm ERR! gyp verb extracted file from tarball include/node/openssl/archs/linux-x86_64/asm_avx2/include/openssl/opensslconf.h
#15 58.57 npm ERR! gyp verb extracted file from tarball include/node/openssl/archs/linux-x86_64/asm_avx2/include/progs.h
#15 58.57 npm ERR! gyp verb extracted file from tarball include/node/openssl/archs/linux-x86_64/no-asm/crypto/include/internal/bn_conf.h
#15 58.57 npm ERR! gyp verb extracted file from tarball include/node/openssl/archs/linux-x86_64/no-asm/crypto/include/internal/dso_conf.h
#15 58.57 npm ERR! gyp verb extracted file from tarball include/node/openssl/archs/linux-x86_64/no-asm/crypto/buildinf.h
#15 58.58 npm ERR! gyp verb extracted file from tarball include/node/openssl/archs/linux-x86_64/no-asm/include/openssl/opensslconf.h
#15 58.58 npm ERR! gyp verb extracted file from tarball include/node/openssl/archs/linux-x86_64/no-asm/include/progs.h
#15 58.58 npm ERR! gyp verb extracted file from tarball include/node/openssl/archs/linux32-s390x/asm/crypto/include/internal/bn_conf.h
#15 58.58 npm ERR! gyp verb extracted file from tarball include/node/openssl/archs/linux32-s390x/asm/crypto/include/internal/dso_conf.h
#15 58.58 npm ERR! gyp verb extracted file from tarball include/node/openssl/archs/linux32-s390x/asm/crypto/buildinf.h
#15 58.58 npm ERR! gyp verb extracted file from tarball include/node/openssl/archs/linux32-s390x/asm/include/openssl/opensslconf.h
#15 58.58 npm ERR! gyp verb extracted file from tarball include/node/openssl/archs/linux32-s390x/asm/include/progs.h
#15 58.58 npm ERR! gyp verb extracted file from tarball include/node/openssl/archs/linux32-s390x/asm_avx2/crypto/include/internal/bn_conf.h
#15 58.58 npm ERR! gyp verb extracted file from tarball include/node/openssl/archs/linux32-s390x/asm_avx2/crypto/include/internal/dso_conf.h
#15 58.58 npm ERR! gyp verb extracted file from tarball include/node/openssl/archs/linux32-s390x/asm_avx2/crypto/buildinf.h
#15 58.58 npm ERR! gyp verb extracted file from tarball include/node/openssl/archs/linux32-s390x/asm_avx2/include/openssl/opensslconf.h
#15 58.58 npm ERR! gyp verb extracted file from tarball include/node/openssl/archs/linux32-s390x/asm_avx2/include/progs.h
#15 58.58 npm ERR! gyp verb extracted file from tarball include/node/openssl/archs/linux32-s390x/no-asm/crypto/include/internal/bn_conf.h
#15 58.58 npm ERR! gyp verb extracted file from tarball include/node/openssl/archs/linux32-s390x/no-asm/crypto/include/internal/dso_conf.h
#15 58.58 npm ERR! gyp verb extracted file from tarball include/node/openssl/archs/linux32-s390x/no-asm/crypto/buildinf.h
#15 58.58 npm ERR! gyp verb extracted file from tarball include/node/openssl/archs/linux32-s390x/no-asm/include/openssl/opensslconf.h
#15 58.58 npm ERR! gyp verb extracted file from tarball include/node/openssl/archs/linux32-s390x/no-asm/include/progs.h
#15 58.58 npm ERR! gyp verb extracted file from tarball include/node/openssl/archs/linux64-s390x/asm/crypto/include/internal/bn_conf.h
#15 58.58 npm ERR! gyp verb extracted file from tarball include/node/openssl/archs/linux64-s390x/asm/crypto/include/internal/dso_conf.h
#15 58.58 npm ERR! gyp verb extracted file from tarball include/node/openssl/archs/linux64-s390x/asm/crypto/buildinf.h
#15 58.58 npm ERR! gyp verb extracted file from tarball include/node/openssl/archs/linux64-s390x/asm/include/openssl/opensslconf.h
#15 58.58 npm ERR! gyp verb extracted file from tarball include/node/openssl/archs/linux64-s390x/asm/include/progs.h
#15 58.58 npm ERR! gyp verb extracted file from tarball include/node/openssl/archs/linux64-s390x/asm_avx2/crypto/include/internal/bn_conf.h
#15 58.58 npm ERR! gyp verb extracted file from tarball include/node/openssl/archs/linux64-s390x/asm_avx2/crypto/include/internal/dso_conf.h
#15 58.58 npm ERR! gyp verb extracted file from tarball include/node/openssl/archs/linux64-s390x/asm_avx2/crypto/buildinf.h
#15 58.58 npm ERR! gyp verb extracted file from tarball include/node/openssl/archs/linux64-s390x/asm_avx2/include/openssl/opensslconf.h
#15 58.58 npm ERR! gyp verb extracted file from tarball include/node/openssl/archs/linux64-s390x/asm_avx2/include/progs.h
#15 58.58 npm ERR! gyp verb extracted file from tarball include/node/openssl/archs/linux64-s390x/no-asm/crypto/include/internal/bn_conf.h
#15 58.58 npm ERR! gyp verb extracted file from tarball include/node/openssl/archs/linux64-s390x/no-asm/crypto/include/internal/dso_conf.h
#15 58.58 npm ERR! gyp verb extracted file from tarball include/node/openssl/archs/linux64-s390x/no-asm/crypto/buildinf.h
#15 58.58 npm ERR! gyp verb extracted file from tarball include/node/openssl/archs/linux64-s390x/no-asm/include/openssl/opensslconf.h
#15 58.58 npm ERR! gyp verb extracted file from tarball include/node/openssl/archs/linux64-s390x/no-asm/include/progs.h
#15 58.58 npm ERR! gyp verb extracted file from tarball include/node/openssl/archs/solaris-x86-gcc/asm/crypto/include/internal/bn_conf.h
#15 58.58 npm ERR! gyp verb extracted file from tarball include/node/openssl/archs/solaris-x86-gcc/asm/crypto/include/internal/dso_conf.h
#15 58.58 npm ERR! gyp verb extracted file from tarball include/node/openssl/archs/solaris-x86-gcc/asm/crypto/buildinf.h
#15 58.58 npm ERR! gyp verb extracted file from tarball include/node/openssl/archs/solaris-x86-gcc/asm/include/openssl/opensslconf.h
#15 58.58 npm ERR! gyp verb extracted file from tarball include/node/openssl/archs/solaris-x86-gcc/asm/include/progs.h
#15 58.58 npm ERR! gyp verb extracted file from tarball include/node/openssl/archs/solaris-x86-gcc/asm_avx2/crypto/include/internal/bn_conf.h
#15 58.58 npm ERR! gyp verb extracted file from tarball include/node/openssl/archs/solaris-x86-gcc/asm_avx2/crypto/include/internal/dso_conf.h
#15 58.58 npm ERR! gyp verb extracted file from tarball include/node/openssl/archs/solaris-x86-gcc/asm_avx2/crypto/buildinf.h
#15 58.58 npm ERR! gyp verb extracted file from tarball include/node/openssl/archs/solaris-x86-gcc/asm_avx2/include/openssl/opensslconf.h
#15 58.58 npm ERR! gyp verb extracted file from tarball include/node/openssl/archs/solaris-x86-gcc/asm_avx2/include/progs.h
#15 58.58 npm ERR! gyp verb extracted file from tarball include/node/openssl/archs/solaris-x86-gcc/no-asm/crypto/include/internal/bn_conf.h
#15 58.58 npm ERR! gyp verb extracted file from tarball include/node/openssl/archs/solaris-x86-gcc/no-asm/crypto/include/internal/dso_conf.h
#15 58.58 npm ERR! gyp verb extracted file from tarball include/node/openssl/archs/solaris-x86-gcc/no-asm/crypto/buildinf.h
#15 58.58 npm ERR! gyp verb extracted file from tarball include/node/openssl/archs/solaris-x86-gcc/no-asm/include/openssl/opensslconf.h
#15 58.58 npm ERR! gyp verb extracted file from tarball include/node/openssl/archs/solaris-x86-gcc/no-asm/include/progs.h
#15 58.58 npm ERR! gyp verb extracted file from tarball include/node/openssl/archs/solaris64-x86_64-gcc/asm/crypto/include/internal/bn_conf.h
#15 58.58 npm ERR! gyp verb extracted file from tarball include/node/openssl/archs/solaris64-x86_64-gcc/asm/crypto/include/internal/dso_conf.h
#15 58.58 npm ERR! gyp verb extracted file from tarball include/node/openssl/archs/solaris64-x86_64-gcc/asm/crypto/buildinf.h
#15 58.58 npm ERR! gyp verb extracted file from tarball include/node/openssl/archs/solaris64-x86_64-gcc/asm/include/openssl/opensslconf.h
#15 58.58 npm ERR! gyp verb extracted file from tarball include/node/openssl/archs/solaris64-x86_64-gcc/asm/include/progs.h
#15 58.58 npm ERR! gyp verb extracted file from tarball include/node/openssl/archs/solaris64-x86_64-gcc/asm_avx2/crypto/include/internal/bn_conf.h
#15 58.58 npm ERR! gyp verb extracted file from tarball include/node/openssl/archs/solaris64-x86_64-gcc/asm_avx2/crypto/include/internal/dso_conf.h
#15 58.58 npm ERR! gyp verb extracted file from tarball include/node/openssl/archs/solaris64-x86_64-gcc/asm_avx2/crypto/buildinf.h
#15 58.58 npm ERR! gyp verb extracted file from tarball include/node/openssl/archs/solaris64-x86_64-gcc/asm_avx2/include/openssl/opensslconf.h
#15 58.58 npm ERR! gyp verb extracted file from tarball include/node/openssl/archs/solaris64-x86_64-gcc/asm_avx2/include/progs.h
#15 58.58 npm ERR! gyp verb extracted file from tarball include/node/openssl/archs/solaris64-x86_64-gcc/no-asm/crypto/include/internal/bn_conf.h
#15 58.58 npm ERR! gyp verb extracted file from tarball include/node/openssl/archs/solaris64-x86_64-gcc/no-asm/crypto/include/internal/dso_conf.h
#15 58.58 npm ERR! gyp verb extracted file from tarball include/node/openssl/archs/solaris64-x86_64-gcc/no-asm/crypto/buildinf.h
#15 58.58 npm ERR! gyp verb extracted file from tarball include/node/openssl/archs/solaris64-x86_64-gcc/no-asm/include/openssl/opensslconf.h
#15 58.58 npm ERR! gyp verb extracted file from tarball include/node/openssl/archs/solaris64-x86_64-gcc/no-asm/include/progs.h
#15 58.58 npm ERR! gyp verb extracted file from tarball include/node/openssl/archs/BSD-x86/asm/crypto/include/internal/bn_conf.h
#15 58.58 npm ERR! gyp verb extracted file from tarball include/node/openssl/archs/BSD-x86/asm/crypto/include/internal/dso_conf.h
#15 58.58 npm ERR! gyp verb extracted file from tarball include/node/openssl/archs/BSD-x86/asm/crypto/buildinf.h
#15 58.58 npm ERR! gyp verb extracted file from tarball include/node/openssl/archs/BSD-x86/asm/include/openssl/opensslconf.h
#15 58.58 npm ERR! gyp verb extracted file from tarball include/node/openssl/archs/BSD-x86/asm/include/progs.h
#15 58.58 npm ERR! gyp verb extracted file from tarball include/node/openssl/archs/BSD-x86/asm_avx2/crypto/include/internal/bn_conf.h
#15 58.58 npm ERR! gyp verb extracted file from tarball include/node/openssl/archs/BSD-x86/asm_avx2/crypto/include/internal/dso_conf.h
#15 58.59 npm ERR! gyp verb extracted file from tarball include/node/openssl/archs/BSD-x86/asm_avx2/crypto/buildinf.h
#15 58.59 npm ERR! gyp verb extracted file from tarball include/node/openssl/archs/BSD-x86/asm_avx2/include/openssl/opensslconf.h
#15 58.59 npm ERR! gyp verb extracted file from tarball include/node/openssl/archs/BSD-x86/asm_avx2/include/progs.h
#15 58.59 npm ERR! gyp verb extracted file from tarball include/node/openssl/archs/BSD-x86/no-asm/crypto/include/internal/bn_conf.h
#15 58.59 npm ERR! gyp verb extracted file from tarball include/node/openssl/archs/BSD-x86/no-asm/crypto/include/internal/dso_conf.h
#15 58.59 npm ERR! gyp verb extracted file from tarball include/node/openssl/archs/BSD-x86/no-asm/crypto/buildinf.h
#15 58.59 npm ERR! gyp verb extracted file from tarball include/node/openssl/archs/BSD-x86/no-asm/include/openssl/opensslconf.h
#15 58.59 npm ERR! gyp verb extracted file from tarball include/node/openssl/archs/BSD-x86/no-asm/include/progs.h
#15 58.59 npm ERR! gyp verb extracted file from tarball include/node/openssl/archs/darwin64-arm64-cc/asm/crypto/include/internal/bn_conf.h
#15 58.59 npm ERR! gyp verb extracted file from tarball include/node/openssl/archs/darwin64-arm64-cc/asm/crypto/include/internal/dso_conf.h
#15 58.59 npm ERR! gyp verb extracted file from tarball include/node/openssl/archs/darwin64-arm64-cc/asm/crypto/buildinf.h
#15 58.59 npm ERR! gyp verb extracted file from tarball include/node/openssl/archs/darwin64-arm64-cc/asm/include/openssl/opensslconf.h
#15 58.59 npm ERR! gyp verb extracted file from tarball include/node/openssl/archs/darwin64-arm64-cc/asm/include/progs.h
#15 58.59 npm ERR! gyp verb extracted file from tarball include/node/openssl/archs/darwin64-arm64-cc/asm_avx2/crypto/include/internal/bn_conf.h
#15 58.59 npm ERR! gyp verb extracted file from tarball include/node/openssl/archs/darwin64-arm64-cc/asm_avx2/crypto/include/internal/dso_conf.h
#15 58.59 npm ERR! gyp verb extracted file from tarball include/node/openssl/archs/darwin64-arm64-cc/asm_avx2/crypto/buildinf.h
#15 58.59 npm ERR! gyp verb extracted file from tarball include/node/openssl/archs/darwin64-arm64-cc/asm_avx2/include/openssl/opensslconf.h
#15 58.59 npm ERR! gyp verb extracted file from tarball include/node/openssl/archs/darwin64-arm64-cc/asm_avx2/include/progs.h
#15 58.59 npm ERR! gyp verb extracted file from tarball include/node/openssl/archs/darwin64-arm64-cc/no-asm/crypto/include/internal/bn_conf.h
#15 58.59 npm ERR! gyp verb extracted file from tarball include/node/openssl/archs/darwin64-arm64-cc/no-asm/crypto/include/internal/dso_conf.h
#15 58.59 npm ERR! gyp verb extracted file from tarball include/node/openssl/archs/darwin64-arm64-cc/no-asm/crypto/buildinf.h
#15 58.59 npm ERR! gyp verb extracted file from tarball include/node/openssl/archs/darwin64-arm64-cc/no-asm/include/openssl/opensslconf.h
#15 58.59 npm ERR! gyp verb extracted file from tarball include/node/openssl/archs/darwin64-arm64-cc/no-asm/include/progs.h
#15 58.59 npm ERR! gyp verb extracted file from tarball include/node/openssl/archs/linux64-mips64/asm/crypto/include/internal/bn_conf.h
#15 58.60 npm ERR! gyp verb extracted file from tarball include/node/openssl/archs/linux64-mips64/asm/crypto/include/internal/dso_conf.h
#15 58.60 npm ERR! gyp verb extracted file from tarball include/node/openssl/archs/linux64-mips64/asm/crypto/buildinf.h
#15 58.60 npm ERR! gyp verb extracted file from tarball include/node/openssl/archs/linux64-mips64/asm/include/openssl/opensslconf.h
#15 58.60 npm ERR! gyp verb extracted file from tarball include/node/openssl/archs/linux64-mips64/asm/include/progs.h
#15 58.60 npm ERR! gyp verb extracted file from tarball include/node/openssl/archs/linux64-mips64/asm_avx2/crypto/include/internal/bn_conf.h
#15 58.60 npm ERR! gyp verb extracted file from tarball include/node/openssl/archs/linux64-mips64/asm_avx2/crypto/include/internal/dso_conf.h
#15 58.60 npm ERR! gyp verb extracted file from tarball include/node/openssl/archs/linux64-mips64/asm_avx2/crypto/buildinf.h
#15 58.60 npm ERR! gyp verb extracted file from tarball include/node/openssl/archs/linux64-mips64/asm_avx2/include/openssl/opensslconf.h
#15 58.60 npm ERR! gyp verb extracted file from tarball include/node/openssl/archs/linux64-mips64/asm_avx2/include/progs.h
#15 58.60 npm ERR! gyp verb extracted file from tarball include/node/openssl/archs/linux64-mips64/no-asm/crypto/include/internal/bn_conf.h
#15 58.60 npm ERR! gyp verb extracted file from tarball include/node/openssl/archs/linux64-mips64/no-asm/crypto/include/internal/dso_conf.h
#15 58.60 npm ERR! gyp verb extracted file from tarball include/node/openssl/archs/linux64-mips64/no-asm/crypto/buildinf.h
#15 58.60 npm ERR! gyp verb extracted file from tarball include/node/openssl/archs/linux64-mips64/no-asm/include/openssl/opensslconf.h
#15 58.60 npm ERR! gyp verb extracted file from tarball include/node/openssl/archs/linux64-mips64/no-asm/include/progs.h
#15 58.60 npm ERR! gyp verb extracted file from tarball include/node/openssl/bn_conf.h
#15 58.60 npm ERR! gyp verb extracted file from tarball include/node/openssl/dso_conf.h
#15 58.60 npm ERR! gyp verb extracted file from tarball include/node/openssl/opensslconf.h
#15 58.60 npm ERR! gyp verb extracted file from tarball include/node/openssl/dso_conf_asm.h
#15 58.60 npm ERR! gyp verb extracted file from tarball include/node/openssl/bn_conf_asm.h
#15 58.60 npm ERR! gyp verb content checksum node-v16.6.2-headers.tar.gz 7764da71e22d57746d65eb408dc80cbd7f6eed7f38b558684fa60571d1c69b26
#15 58.60 npm ERR! gyp verb extracted file from tarball include/node/openssl/bn_conf_no-asm.h
#15 58.60 npm ERR! gyp verb extracted file from tarball include/node/openssl/dso_conf_no-asm.h
#15 58.60 npm ERR! gyp verb extracted file from tarball include/node/openssl/opensslconf_asm.h
#15 58.60 npm ERR! gyp verb extracted file from tarball include/node/openssl/opensslconf_no-asm.h
#15 58.60 npm ERR! gyp verb extracted file from tarball include/node/zconf.h
#15 58.60 npm ERR! gyp verb extracted file from tarball include/node/zlib.h
#15 58.60 npm ERR! gyp verb tarball done parsing tarball
#15 58.60 npm ERR! gyp verb check download content checksum, need to download `SHASUMS256.txt`... 
#15 58.60 npm ERR! gyp verb checksum url https://unofficial-builds.nodejs.org/download/release/v16.6.2/SHASUMS256.txt
#15 58.60 npm ERR! gyp http GET https://unofficial-builds.nodejs.org/download/release/v16.6.2/SHASUMS256.txt
#15 58.60 npm ERR! gyp http 200 https://unofficial-builds.nodejs.org/download/release/v16.6.2/SHASUMS256.txt
#15 58.60 npm ERR! gyp verb checksum data {"node-v16.6.2-headers.tar.gz":"7764da71e22d57746d65eb408dc80cbd7f6eed7f38b558684fa60571d1c69b26","node-v16.6.2-headers.tar.xz":"e4bf9c8db91d149d9f3cebd79621571079ffb9d92dca10e7d260120ff99b428e","node-v16.6.2-linux-armv6l.tar.gz":"29205c55c100da01a68a8a09b7a0a3523c6bc16ede3e942221af15d40030df1f","node-v16.6.2-linux-armv6l.tar.xz":"e40e0f1430cbaeb87f9e1c01ac96bc71a4d95c5a0d925ccbbf75401b1a15ad7b","node-v16.6.2-linux-x64-musl.tar.gz":"ef0855facacb1f87e4d93812a9f66d30814d39be56a950250d72af41e5e6f0ca","node-v16.6.2-linux-x64-musl.tar.xz":"f77b8782059a4f614e8cd0437e7b4761039f93410388fe1d1f9c072de69e98de","node-v16.6.2-linux-x64-usdt.tar.gz":"3da5fc957d6cfc94ed08efe949a7d2c3655fcd007833dce46c9ff5b3a2e5fcd9","node-v16.6.2-linux-x64-usdt.tar.xz":"8f118231ba9d854c682c7dbc0eb20f5ad8d13b235d23aa419d86b8cdb0e87c55","node-v16.6.2-linux-x86.tar.gz":"68fdc6a77cb60bc04eab3cea5189abbd7e804f962ce51efdf1f64227e8d48ead","node-v16.6.2-linux-x86.tar.xz":"de2ef6aa6647559dfe0a9fd2f34a50d487be5178884e45583564ccd9e8a6894c","node-v16.6.2-win-arm64.7z":"7670989bfaf93099885d27d84887879a619c864153f8b98651c492c1a42e01eb","node-v16.6.2-win-arm64.zip":"0d99bc9581708ef1fa526f9464749bd4dc57c7c8e56f2e3aba15a2cd756ae5cb"}
#15 58.60 npm ERR! gyp verb download contents checksum {"node-v16.6.2-headers.tar.gz":"7764da71e22d57746d65eb408dc80cbd7f6eed7f38b558684fa60571d1c69b26"}
#15 58.60 npm ERR! gyp verb validating download checksum for node-v16.6.2-headers.tar.gz (7764da71e22d57746d65eb408dc80cbd7f6eed7f38b558684fa60571d1c69b26 == 7764da71e22d57746d65eb408dc80cbd7f6eed7f38b558684fa60571d1c69b26)
#15 58.60 npm ERR! gyp verb get node dir target node version installed: 16.6.2
#15 58.60 npm ERR! gyp verb build dir attempting to create "build" dir: /build/node_modules/node-sass/build
#15 58.60 npm ERR! gyp verb build dir "build" dir needed to be created? /build/node_modules/node-sass/build
#15 58.60 npm ERR! gyp verb build/config.gypi creating config file
#15 58.60 npm ERR! gyp verb build/config.gypi writing out config file: /build/node_modules/node-sass/build/config.gypi
#15 58.60 npm ERR! (node:49) [DEP0150] DeprecationWarning: Setting process.config is deprecated. In the future the property will be read-only.
#15 58.60 npm ERR! (Use `node --trace-deprecation ...` to show where the warning was created)
#15 58.60 npm ERR! gyp verb config.gypi checking for gypi file: /build/node_modules/node-sass/config.gypi
#15 58.60 npm ERR! gyp verb common.gypi checking for gypi file: /build/node_modules/node-sass/common.gypi
#15 58.60 npm ERR! gyp verb gyp gyp format was not specified; forcing "make"
#15 58.60 npm ERR! gyp info spawn /usr/bin/python2
#15 58.60 npm ERR! gyp info spawn args [
#15 58.60 npm ERR! gyp info spawn args   '/build/node_modules/node-gyp/gyp/gyp_main.py',
#15 58.60 npm ERR! gyp info spawn args   'binding.gyp',
#15 58.61 npm ERR! gyp info spawn args   '-f',
#15 58.61 npm ERR! gyp info spawn args   'make',
#15 58.61 npm ERR! gyp info spawn args   '-I',
#15 58.61 npm ERR! gyp info spawn args   '/build/node_modules/node-sass/build/config.gypi',
#15 58.61 npm ERR! gyp info spawn args   '-I',
#15 58.61 npm ERR! gyp info spawn args   '/build/node_modules/node-gyp/addon.gypi',
#15 58.61 npm ERR! gyp info spawn args   '-I',
#15 58.61 npm ERR! gyp info spawn args   '/root/.node-gyp/16.6.2/include/node/common.gypi',
#15 58.61 npm ERR! gyp info spawn args   '-Dlibrary=shared_library',
#15 58.61 npm ERR! gyp info spawn args   '-Dvisibility=default',
#15 58.61 npm ERR! gyp info spawn args   '-Dnode_root_dir=/root/.node-gyp/16.6.2',
#15 58.61 npm ERR! gyp info spawn args   '-Dnode_gyp_dir=/build/node_modules/node-gyp',
#15 58.61 npm ERR! gyp info spawn args   '-Dnode_lib_file=/root/.node-gyp/16.6.2/<(target_arch)/node.lib',
#15 58.61 npm ERR! gyp info spawn args   '-Dmodule_root_dir=/build/node_modules/node-sass',
#15 58.61 npm ERR! gyp info spawn args   '-Dnode_engine=v8',
#15 58.61 npm ERR! gyp info spawn args   '--depth=.',
#15 58.61 npm ERR! gyp info spawn args   '--no-parallel',
#15 58.61 npm ERR! gyp info spawn args   '--generator-output',
#15 58.61 npm ERR! gyp info spawn args   'build',
#15 58.61 npm ERR! gyp info spawn args   '-Goutput_dir=.'
#15 58.61 npm ERR! gyp info spawn args ]
#15 58.61 npm ERR! gyp verb command build []
#15 58.61 npm ERR! gyp verb build type Release
#15 58.61 npm ERR! gyp verb architecture x64
#15 58.61 npm ERR! gyp verb node dev dir /root/.node-gyp/16.6.2
#15 58.61 npm ERR! gyp verb `which` succeeded for `make` /usr/bin/make
#15 58.61 npm ERR! gyp info spawn make
#15 58.61 npm ERR! gyp info spawn args [ 'V=1', 'BUILDTYPE=Release', '-C', 'build' ]
#15 58.61 npm ERR! make: g++: No such file or directory
#15 58.61 npm ERR! make: *** [src/libsass.target.mk:162: Release/obj.target/libsass/src/libsass/src/ast.o] Error 127
#15 58.61 npm ERR! gyp ERR! build error 
#15 58.61 npm ERR! gyp ERR! stack Error: `make` failed with exit code: 2
#15 58.61 npm ERR! gyp ERR! stack     at ChildProcess.onExit (/build/node_modules/node-gyp/lib/build.js:262:23)
#15 58.61 npm ERR! gyp ERR! stack     at ChildProcess.emit (node:events:394:28)
#15 58.61 npm ERR! gyp ERR! stack     at Process.ChildProcess._handle.onexit (node:internal/child_process:290:12)
#15 58.61 npm ERR! gyp ERR! System Linux 5.10.25-linuxkit
#15 58.61 npm ERR! gyp ERR! command "/usr/local/bin/node" "/build/node_modules/node-gyp/bin/node-gyp.js" "rebuild" "--verbose" "--libsass_ext=" "--libsass_cflags=" "--libsass_ldflags=" "--libsass_library="
#15 58.61 npm ERR! gyp ERR! cwd /build/node_modules/node-sass
#15 58.61 npm ERR! gyp ERR! node -v v16.6.2
#15 58.61 npm ERR! gyp ERR! node-gyp -v v3.8.0
#15 58.61 npm ERR! gyp ERR! not ok 
#15 58.61 npm ERR! Build failed with error code: 1
#15 58.77 
#15 58.77 npm ERR! A complete log of this run can be found in:
#15 58.77 npm ERR!     /root/.npm/_logs/2021-08-18T19_46_25_191Z-debug.log
#15 ERROR: executor failed running [/bin/sh -c npm ci]: exit code: 1
------
 > [dependency-image 5/5] RUN npm ci:
------
executor failed running [/bin/sh -c npm ci]: exit code: 1
